  game.cpp
c:\program files (x86)\windows kits\10\include\10.0.14393.0\shared\ws2def.h(103): warning C4005: 'AF_IPX': macro redefinition
  c:\program files (x86)\windows kits\10\include\10.0.14393.0\um\winsock.h(457): note: see previous definition of 'AF_IPX'
c:\program files (x86)\windows kits\10\include\10.0.14393.0\shared\ws2def.h(147): warning C4005: 'AF_MAX': macro redefinition
  c:\program files (x86)\windows kits\10\include\10.0.14393.0\um\winsock.h(476): note: see previous definition of 'AF_MAX'
c:\program files (x86)\windows kits\10\include\10.0.14393.0\shared\ws2def.h(185): warning C4005: 'SO_DONTLINGER': macro redefinition
  c:\program files (x86)\windows kits\10\include\10.0.14393.0\um\winsock.h(399): note: see previous definition of 'SO_DONTLINGER'
c:\program files (x86)\windows kits\10\include\10.0.14393.0\shared\ws2def.h(235): error C2011: 'sockaddr': 'struct' type redefinition
  c:\program files (x86)\windows kits\10\include\10.0.14393.0\um\winsock.h(1007): note: see declaration of 'sockaddr'
c:\program files (x86)\windows kits\10\include\10.0.14393.0\shared\ws2def.h(437): error C2059: syntax error: 'constant'
c:\program files (x86)\windows kits\10\include\10.0.14393.0\shared\ws2def.h(437): error C3805: 'constant': unexpected token, expected either '}' or a ','
c:\program files (x86)\windows kits\10\include\10.0.14393.0\shared\ws2def.h(572): warning C4005: 'IN_CLASSA': macro redefinition
  c:\program files (x86)\windows kits\10\include\10.0.14393.0\um\winsock.h(284): note: see previous definition of 'IN_CLASSA'
c:\program files (x86)\windows kits\10\include\10.0.14393.0\shared\ws2def.h(578): warning C4005: 'IN_CLASSB': macro redefinition
  c:\program files (x86)\windows kits\10\include\10.0.14393.0\um\winsock.h(290): note: see previous definition of 'IN_CLASSB'
c:\program files (x86)\windows kits\10\include\10.0.14393.0\shared\ws2def.h(584): warning C4005: 'IN_CLASSC': macro redefinition
  c:\program files (x86)\windows kits\10\include\10.0.14393.0\um\winsock.h(296): note: see previous definition of 'IN_CLASSC'
c:\program files (x86)\windows kits\10\include\10.0.14393.0\shared\ws2def.h(595): warning C4005: 'INADDR_ANY': macro redefinition
  c:\program files (x86)\windows kits\10\include\10.0.14393.0\um\winsock.h(301): note: see previous definition of 'INADDR_ANY'
c:\program files (x86)\windows kits\10\include\10.0.14393.0\shared\ws2def.h(597): warning C4005: 'INADDR_BROADCAST': macro redefinition
  c:\program files (x86)\windows kits\10\include\10.0.14393.0\um\winsock.h(303): note: see previous definition of 'INADDR_BROADCAST'
c:\program files (x86)\windows kits\10\include\10.0.14393.0\shared\ws2def.h(633): error C2011: 'sockaddr_in': 'struct' type redefinition
  c:\program files (x86)\windows kits\10\include\10.0.14393.0\um\winsock.h(1011): note: see declaration of 'sockaddr_in'
c:\program files (x86)\windows kits\10\include\10.0.14393.0\um\winsock2.h(136): error C2011: 'fd_set': 'struct' type redefinition
  c:\program files (x86)\windows kits\10\include\10.0.14393.0\um\winsock.h(1019): note: see declaration of 'fd_set'
c:\program files (x86)\windows kits\10\include\10.0.14393.0\um\winsock2.h(156): warning C4005: 'FD_CLR': macro redefinition
  c:\program files (x86)\windows kits\10\include\10.0.14393.0\um\winsock.h(94): note: see previous definition of 'FD_CLR'
c:\program files (x86)\windows kits\10\include\10.0.14393.0\um\winsock2.h(171): warning C4005: 'FD_SET': macro redefinition
  c:\program files (x86)\windows kits\10\include\10.0.14393.0\um\winsock.h(99): note: see previous definition of 'FD_SET'
c:\program files (x86)\windows kits\10\include\10.0.14393.0\um\winsock2.h(180): error C2011: 'timeval': 'struct' type redefinition
  c:\program files (x86)\windows kits\10\include\10.0.14393.0\um\winsock.h(1035): note: see declaration of 'timeval'
c:\program files (x86)\windows kits\10\include\10.0.14393.0\um\winsock2.h(236): error C2011: 'hostent': 'struct' type redefinition
  c:\program files (x86)\windows kits\10\include\10.0.14393.0\um\winsock.h(1023): note: see declaration of 'hostent'
c:\program files (x86)\windows kits\10\include\10.0.14393.0\um\winsock2.h(249): error C2011: 'netent': 'struct' type redefinition
  c:\program files (x86)\windows kits\10\include\10.0.14393.0\um\winsock.h(177): note: see declaration of 'netent'
c:\program files (x86)\windows kits\10\include\10.0.14393.0\um\winsock2.h(256): error C2011: 'servent': 'struct' type redefinition
  c:\program files (x86)\windows kits\10\include\10.0.14393.0\um\winsock.h(1027): note: see declaration of 'servent'
c:\program files (x86)\windows kits\10\include\10.0.14393.0\um\winsock2.h(268): error C2011: 'protoent': 'struct' type redefinition
  c:\program files (x86)\windows kits\10\include\10.0.14393.0\um\winsock.h(1031): note: see declaration of 'protoent'
c:\program files (x86)\windows kits\10\include\10.0.14393.0\um\winsock2.h(364): error C2011: 'WSAData': 'struct' type redefinition
  c:\program files (x86)\windows kits\10\include\10.0.14393.0\um\winsock.h(319): note: see declaration of 'WSAData'
c:\program files (x86)\windows kits\10\include\10.0.14393.0\um\winsock2.h(462): error C2011: 'sockproto': 'struct' type redefinition
  c:\program files (x86)\windows kits\10\include\10.0.14393.0\um\winsock.h(491): note: see declaration of 'sockproto'
c:\program files (x86)\windows kits\10\include\10.0.14393.0\um\winsock2.h(504): error C2011: 'linger': 'struct' type redefinition
  c:\program files (x86)\windows kits\10\include\10.0.14393.0\um\winsock.h(1015): note: see declaration of 'linger'
c:\program files (x86)\windows kits\10\include\10.0.14393.0\um\winsock2.h(517): warning C4005: 'SOMAXCONN': macro redefinition
  c:\program files (x86)\windows kits\10\include\10.0.14393.0\um\winsock.h(541): note: see previous definition of 'SOMAXCONN'
c:\program files (x86)\windows kits\10\include\10.0.14393.0\um\winsock2.h(551): warning C4005: 'FD_READ': macro redefinition
  c:\program files (x86)\windows kits\10\include\10.0.14393.0\um\winsock.h(559): note: see previous definition of 'FD_READ'
c:\program files (x86)\windows kits\10\include\10.0.14393.0\um\winsock2.h(554): warning C4005: 'FD_WRITE': macro redefinition
  c:\program files (x86)\windows kits\10\include\10.0.14393.0\um\winsock.h(560): note: see previous definition of 'FD_WRITE'
c:\program files (x86)\windows kits\10\include\10.0.14393.0\um\winsock2.h(557): warning C4005: 'FD_OOB': macro redefinition
  c:\program files (x86)\windows kits\10\include\10.0.14393.0\um\winsock.h(561): note: see previous definition of 'FD_OOB'
c:\program files (x86)\windows kits\10\include\10.0.14393.0\um\winsock2.h(560): warning C4005: 'FD_ACCEPT': macro redefinition
  c:\program files (x86)\windows kits\10\include\10.0.14393.0\um\winsock.h(562): note: see previous definition of 'FD_ACCEPT'
c:\program files (x86)\windows kits\10\include\10.0.14393.0\um\winsock2.h(563): warning C4005: 'FD_CONNECT': macro redefinition
  c:\program files (x86)\windows kits\10\include\10.0.14393.0\um\winsock.h(563): note: see previous definition of 'FD_CONNECT'
c:\program files (x86)\windows kits\10\include\10.0.14393.0\um\winsock2.h(566): warning C4005: 'FD_CLOSE': macro redefinition
  c:\program files (x86)\windows kits\10\include\10.0.14393.0\um\winsock.h(564): note: see previous definition of 'FD_CLOSE'
c:\program files (x86)\windows kits\10\include\10.0.14393.0\um\winsock2.h(1624): error C2375: 'accept': redefinition; different linkage
  c:\program files (x86)\windows kits\10\include\10.0.14393.0\um\winsock.h(739): note: see declaration of 'accept'
c:\program files (x86)\windows kits\10\include\10.0.14393.0\um\winsock2.h(1646): error C2375: 'bind': redefinition; different linkage
  c:\program files (x86)\windows kits\10\include\10.0.14393.0\um\winsock.h(744): note: see declaration of 'bind'
c:\program files (x86)\windows kits\10\include\10.0.14393.0\um\winsock2.h(1667): error C2375: 'closesocket': redefinition; different linkage
  c:\program files (x86)\windows kits\10\include\10.0.14393.0\um\winsock.h(749): note: see declaration of 'closesocket'
c:\program files (x86)\windows kits\10\include\10.0.14393.0\um\winsock2.h(1684): error C2375: 'connect': redefinition; different linkage
  c:\program files (x86)\windows kits\10\include\10.0.14393.0\um\winsock.h(751): note: see declaration of 'connect'
c:\program files (x86)\windows kits\10\include\10.0.14393.0\um\winsock2.h(1705): error C2375: 'ioctlsocket': redefinition; different linkage
  c:\program files (x86)\windows kits\10\include\10.0.14393.0\um\winsock.h(756): note: see declaration of 'ioctlsocket'
c:\program files (x86)\windows kits\10\include\10.0.14393.0\um\winsock2.h(1726): error C2375: 'getpeername': redefinition; different linkage
  c:\program files (x86)\windows kits\10\include\10.0.14393.0\um\winsock.h(761): note: see declaration of 'getpeername'
c:\program files (x86)\windows kits\10\include\10.0.14393.0\um\winsock2.h(1747): error C2375: 'getsockname': redefinition; different linkage
  c:\program files (x86)\windows kits\10\include\10.0.14393.0\um\winsock.h(766): note: see declaration of 'getsockname'
c:\program files (x86)\windows kits\10\include\10.0.14393.0\um\winsock2.h(1768): error C2375: 'getsockopt': redefinition; different linkage
  c:\program files (x86)\windows kits\10\include\10.0.14393.0\um\winsock.h(771): note: see declaration of 'getsockopt'
c:\program files (x86)\windows kits\10\include\10.0.14393.0\um\winsock2.h(1793): error C2375: 'htonl': redefinition; different linkage
  c:\program files (x86)\windows kits\10\include\10.0.14393.0\um\winsock.h(778): note: see declaration of 'htonl'
c:\program files (x86)\windows kits\10\include\10.0.14393.0\um\winsock2.h(1810): error C2375: 'htons': redefinition; different linkage
  c:\program files (x86)\windows kits\10\include\10.0.14393.0\um\winsock.h(780): note: see declaration of 'htons'
c:\program files (x86)\windows kits\10\include\10.0.14393.0\um\winsock2.h(1828): error C2375: 'inet_addr': redefinition; different linkage
  c:\program files (x86)\windows kits\10\include\10.0.14393.0\um\winsock.h(782): note: see declaration of 'inet_addr'
c:\program files (x86)\windows kits\10\include\10.0.14393.0\um\winsock2.h(1846): error C2375: 'inet_ntoa': redefinition; different linkage
  c:\program files (x86)\windows kits\10\include\10.0.14393.0\um\winsock.h(784): note: see declaration of 'inet_ntoa'
c:\program files (x86)\windows kits\10\include\10.0.14393.0\um\winsock2.h(1946): error C2375: 'listen': redefinition; different linkage
  c:\program files (x86)\windows kits\10\include\10.0.14393.0\um\winsock.h(786): note: see declaration of 'listen'
c:\program files (x86)\windows kits\10\include\10.0.14393.0\um\winsock2.h(1965): error C2375: 'ntohl': redefinition; different linkage
  c:\program files (x86)\windows kits\10\include\10.0.14393.0\um\winsock.h(790): note: see declaration of 'ntohl'
c:\program files (x86)\windows kits\10\include\10.0.14393.0\um\winsock2.h(1982): error C2375: 'ntohs': redefinition; different linkage
  c:\program files (x86)\windows kits\10\include\10.0.14393.0\um\winsock.h(792): note: see declaration of 'ntohs'
c:\program files (x86)\windows kits\10\include\10.0.14393.0\um\winsock2.h(1999): error C2375: 'recv': redefinition; different linkage
  c:\program files (x86)\windows kits\10\include\10.0.14393.0\um\winsock.h(794): note: see declaration of 'recv'
c:\program files (x86)\windows kits\10\include\10.0.14393.0\um\winsock2.h(2022): error C2375: 'recvfrom': redefinition; different linkage
  c:\program files (x86)\windows kits\10\include\10.0.14393.0\um\winsock.h(800): note: see declaration of 'recvfrom'
c:\program files (x86)\windows kits\10\include\10.0.14393.0\um\winsock2.h(2049): error C2375: 'select': redefinition; different linkage
  c:\program files (x86)\windows kits\10\include\10.0.14393.0\um\winsock.h(808): note: see declaration of 'select'
c:\program files (x86)\windows kits\10\include\10.0.14393.0\um\winsock2.h(2074): error C2375: 'send': redefinition; different linkage
  c:\program files (x86)\windows kits\10\include\10.0.14393.0\um\winsock.h(815): note: see declaration of 'send'
c:\program files (x86)\windows kits\10\include\10.0.14393.0\um\winsock2.h(2097): error C2375: 'sendto': redefinition; different linkage
  c:\program files (x86)\windows kits\10\include\10.0.14393.0\um\winsock.h(821): note: see declaration of 'sendto'
c:\program files (x86)\windows kits\10\include\10.0.14393.0\um\winsock2.h(2124): error C2375: 'setsockopt': redefinition; different linkage
  c:\program files (x86)\windows kits\10\include\10.0.14393.0\um\winsock.h(829): note: see declaration of 'setsockopt'
c:\program files (x86)\windows kits\10\include\10.0.14393.0\um\winsock2.h(2149): error C2375: 'shutdown': redefinition; different linkage
  c:\program files (x86)\windows kits\10\include\10.0.14393.0\um\winsock.h(836): note: see declaration of 'shutdown'
c:\program files (x86)\windows kits\10\include\10.0.14393.0\um\winsock2.h(2169): error C2375: 'socket': redefinition; different linkage
  c:\program files (x86)\windows kits\10\include\10.0.14393.0\um\winsock.h(840): note: see declaration of 'socket'
c:\program files (x86)\windows kits\10\include\10.0.14393.0\um\winsock2.h(2194): error C2375: 'gethostbyaddr': redefinition; different linkage
  c:\program files (x86)\windows kits\10\include\10.0.14393.0\um\winsock.h(847): note: see declaration of 'gethostbyaddr'
c:\program files (x86)\windows kits\10\include\10.0.14393.0\um\winsock2.h(2216): error C2375: 'gethostbyname': redefinition; different linkage
  c:\program files (x86)\windows kits\10\include\10.0.14393.0\um\winsock.h(852): note: see declaration of 'gethostbyname'
c:\program files (x86)\windows kits\10\include\10.0.14393.0\um\winsock2.h(2233): error C2375: 'gethostname': redefinition; different linkage
  c:\program files (x86)\windows kits\10\include\10.0.14393.0\um\winsock.h(854): note: see declaration of 'gethostname'
c:\program files (x86)\windows kits\10\include\10.0.14393.0\um\winsock2.h(2273): error C2375: 'getservbyport': redefinition; different linkage
  c:\program files (x86)\windows kits\10\include\10.0.14393.0\um\winsock.h(858): note: see declaration of 'getservbyport'
c:\program files (x86)\windows kits\10\include\10.0.14393.0\um\winsock2.h(2292): error C2375: 'getservbyname': redefinition; different linkage
  c:\program files (x86)\windows kits\10\include\10.0.14393.0\um\winsock.h(862): note: see declaration of 'getservbyname'
c:\program files (x86)\windows kits\10\include\10.0.14393.0\um\winsock2.h(2311): error C2375: 'getprotobynumber': redefinition; different linkage
  c:\program files (x86)\windows kits\10\include\10.0.14393.0\um\winsock.h(866): note: see declaration of 'getprotobynumber'
c:\program files (x86)\windows kits\10\include\10.0.14393.0\um\winsock2.h(2328): error C2375: 'getprotobyname': redefinition; different linkage
  c:\program files (x86)\windows kits\10\include\10.0.14393.0\um\winsock.h(868): note: see declaration of 'getprotobyname'
c:\program files (x86)\windows kits\10\include\10.0.14393.0\um\winsock2.h(2348): error C2375: 'WSAStartup': redefinition; different linkage
  c:\program files (x86)\windows kits\10\include\10.0.14393.0\um\winsock.h(872): note: see declaration of 'WSAStartup'
c:\program files (x86)\windows kits\10\include\10.0.14393.0\um\winsock2.h(2368): error C2375: 'WSACleanup': redefinition; different linkage
  c:\program files (x86)\windows kits\10\include\10.0.14393.0\um\winsock.h(876): note: see declaration of 'WSACleanup'
c:\program files (x86)\windows kits\10\include\10.0.14393.0\um\winsock2.h(2385): error C2375: 'WSASetLastError': redefinition; different linkage
  c:\program files (x86)\windows kits\10\include\10.0.14393.0\um\winsock.h(878): note: see declaration of 'WSASetLastError'
c:\program files (x86)\windows kits\10\include\10.0.14393.0\um\winsock2.h(2402): error C2375: 'WSAGetLastError': redefinition; different linkage
  c:\program files (x86)\windows kits\10\include\10.0.14393.0\um\winsock.h(880): note: see declaration of 'WSAGetLastError'
c:\program files (x86)\windows kits\10\include\10.0.14393.0\um\winsock2.h(2423): error C2375: 'WSAIsBlocking': redefinition; different linkage
  c:\program files (x86)\windows kits\10\include\10.0.14393.0\um\winsock.h(882): note: see declaration of 'WSAIsBlocking'
c:\program files (x86)\windows kits\10\include\10.0.14393.0\um\winsock2.h(2441): error C2375: 'WSAUnhookBlockingHook': redefinition; different linkage
  c:\program files (x86)\windows kits\10\include\10.0.14393.0\um\winsock.h(884): note: see declaration of 'WSAUnhookBlockingHook'
c:\program files (x86)\windows kits\10\include\10.0.14393.0\um\winsock2.h(2459): error C2375: 'WSASetBlockingHook': redefinition; different linkage
  c:\program files (x86)\windows kits\10\include\10.0.14393.0\um\winsock.h(886): note: see declaration of 'WSASetBlockingHook'
c:\program files (x86)\windows kits\10\include\10.0.14393.0\um\winsock2.h(2477): error C2375: 'WSACancelBlockingCall': redefinition; different linkage
  c:\program files (x86)\windows kits\10\include\10.0.14393.0\um\winsock.h(888): note: see declaration of 'WSACancelBlockingCall'
c:\program files (x86)\windows kits\10\include\10.0.14393.0\um\winsock2.h(2495): error C2375: 'WSAAsyncGetServByName': redefinition; different linkage
  c:\program files (x86)\windows kits\10\include\10.0.14393.0\um\winsock.h(890): note: see declaration of 'WSAAsyncGetServByName'
c:\program files (x86)\windows kits\10\include\10.0.14393.0\um\winsock2.h(2523): error C2375: 'WSAAsyncGetServByPort': redefinition; different linkage
  c:\program files (x86)\windows kits\10\include\10.0.14393.0\um\winsock.h(898): note: see declaration of 'WSAAsyncGetServByPort'
c:\program files (x86)\windows kits\10\include\10.0.14393.0\um\winsock2.h(2551): error C2375: 'WSAAsyncGetProtoByName': redefinition; different linkage
  c:\program files (x86)\windows kits\10\include\10.0.14393.0\um\winsock.h(906): note: see declaration of 'WSAAsyncGetProtoByName'
c:\program files (x86)\windows kits\10\include\10.0.14393.0\um\winsock2.h(2577): error C2375: 'WSAAsyncGetProtoByNumber': redefinition; different linkage
  c:\program files (x86)\windows kits\10\include\10.0.14393.0\um\winsock.h(913): note: see declaration of 'WSAAsyncGetProtoByNumber'
c:\program files (x86)\windows kits\10\include\10.0.14393.0\um\winsock2.h(2603): error C2375: 'WSAAsyncGetHostByName': redefinition; different linkage
  c:\program files (x86)\windows kits\10\include\10.0.14393.0\um\winsock.h(920): note: see declaration of 'WSAAsyncGetHostByName'
c:\program files (x86)\windows kits\10\include\10.0.14393.0\um\winsock2.h(2629): error C2375: 'WSAAsyncGetHostByAddr': redefinition; different linkage
  c:\program files (x86)\windows kits\10\include\10.0.14393.0\um\winsock.h(927): note: see declaration of 'WSAAsyncGetHostByAddr'
c:\program files (x86)\windows kits\10\include\10.0.14393.0\um\winsock2.h(2659): error C2375: 'WSACancelAsyncRequest': redefinition; different linkage
  c:\program files (x86)\windows kits\10\include\10.0.14393.0\um\winsock.h(936): note: see declaration of 'WSACancelAsyncRequest'
c:\program files (x86)\windows kits\10\include\10.0.14393.0\um\winsock2.h(2677): error C2375: 'WSAAsyncSelect': redefinition; different linkage
  c:\program files (x86)\windows kits\10\include\10.0.14393.0\um\winsock.h(938): note: see declaration of 'WSAAsyncSelect'
c:\program files (x86)\windows kits\10\include\10.0.14393.0\shared\ws2ipdef.h(80): error C2079: 'sockaddr_gen::Address' uses undefined struct 'sockaddr'
c:\program files (x86)\windows kits\10\include\10.0.14393.0\shared\ws2ipdef.h(81): error C2079: 'sockaddr_gen::AddressIn' uses undefined struct 'sockaddr_in'
c:\program files (x86)\windows kits\10\include\10.0.14393.0\shared\ws2ipdef.h(124): warning C4005: 'IP_TOS': macro redefinition
  c:\program files (x86)\windows kits\10\include\10.0.14393.0\um\winsock.h(349): note: see previous definition of 'IP_TOS'
c:\program files (x86)\windows kits\10\include\10.0.14393.0\shared\ws2ipdef.h(125): warning C4005: 'IP_TTL': macro redefinition
  c:\program files (x86)\windows kits\10\include\10.0.14393.0\um\winsock.h(348): note: see previous definition of 'IP_TTL'
c:\program files (x86)\windows kits\10\include\10.0.14393.0\shared\ws2ipdef.h(126): warning C4005: 'IP_MULTICAST_IF': macro redefinition
  c:\program files (x86)\windows kits\10\include\10.0.14393.0\um\winsock.h(343): note: see previous definition of 'IP_MULTICAST_IF'
c:\program files (x86)\windows kits\10\include\10.0.14393.0\shared\ws2ipdef.h(127): warning C4005: 'IP_MULTICAST_TTL': macro redefinition
  c:\program files (x86)\windows kits\10\include\10.0.14393.0\um\winsock.h(344): note: see previous definition of 'IP_MULTICAST_TTL'
c:\program files (x86)\windows kits\10\include\10.0.14393.0\shared\ws2ipdef.h(128): warning C4005: 'IP_MULTICAST_LOOP': macro redefinition
  c:\program files (x86)\windows kits\10\include\10.0.14393.0\um\winsock.h(345): note: see previous definition of 'IP_MULTICAST_LOOP'
c:\program files (x86)\windows kits\10\include\10.0.14393.0\shared\ws2ipdef.h(129): warning C4005: 'IP_ADD_MEMBERSHIP': macro redefinition
  c:\program files (x86)\windows kits\10\include\10.0.14393.0\um\winsock.h(346): note: see previous definition of 'IP_ADD_MEMBERSHIP'
c:\program files (x86)\windows kits\10\include\10.0.14393.0\shared\ws2ipdef.h(130): warning C4005: 'IP_DROP_MEMBERSHIP': macro redefinition
  c:\program files (x86)\windows kits\10\include\10.0.14393.0\um\winsock.h(347): note: see previous definition of 'IP_DROP_MEMBERSHIP'
c:\program files (x86)\windows kits\10\include\10.0.14393.0\shared\ws2ipdef.h(131): warning C4005: 'IP_DONTFRAGMENT': macro redefinition
  c:\program files (x86)\windows kits\10\include\10.0.14393.0\um\winsock.h(350): note: see previous definition of 'IP_DONTFRAGMENT'
c:\program files (x86)\windows kits\10\include\10.0.14393.0\shared\ws2ipdef.h(205): error C2079: '_SOCKADDR_INET::Ipv4' uses undefined struct 'sockaddr_in'
c:\program files (x86)\windows kits\10\include\10.0.14393.0\shared\ws2ipdef.h(721): error C2011: 'ip_mreq': 'struct' type redefinition
  c:\program files (x86)\windows kits\10\include\10.0.14393.0\um\winsock.h(360): note: see declaration of 'ip_mreq'
c:\users\camer\git\scrabbleplusplus\scrabble\scrabble\game.h(48): warning C4290: C++ exception specification ignored except to indicate a function is not __declspec(nothrow)
c:\users\camer\git\scrabbleplusplus\scrabble\scrabble\game.h(49): warning C4290: C++ exception specification ignored except to indicate a function is not __declspec(nothrow)
c:\users\camer\git\scrabbleplusplus\scrabble\scrabble\game.h(50): warning C4290: C++ exception specification ignored except to indicate a function is not __declspec(nothrow)
c:\users\camer\git\scrabbleplusplus\scrabble\scrabble\game.cpp(182): error C2568: '=': unable to resolve function overload
  c:\users\camer\git\scrabbleplusplus\scrabble\scrabble\game.cpp(182): note: could be 'SOCKET socket(int,int,int)'
  Generating Code...
  Compiling...
  gameSetup.cpp
c:\program files (x86)\windows kits\10\include\10.0.14393.0\shared\ws2def.h(103): warning C4005: 'AF_IPX': macro redefinition
  c:\program files (x86)\windows kits\10\include\10.0.14393.0\um\winsock.h(457): note: see previous definition of 'AF_IPX'
c:\program files (x86)\windows kits\10\include\10.0.14393.0\shared\ws2def.h(147): warning C4005: 'AF_MAX': macro redefinition
  c:\program files (x86)\windows kits\10\include\10.0.14393.0\um\winsock.h(476): note: see previous definition of 'AF_MAX'
c:\program files (x86)\windows kits\10\include\10.0.14393.0\shared\ws2def.h(185): warning C4005: 'SO_DONTLINGER': macro redefinition
  c:\program files (x86)\windows kits\10\include\10.0.14393.0\um\winsock.h(399): note: see previous definition of 'SO_DONTLINGER'
c:\program files (x86)\windows kits\10\include\10.0.14393.0\shared\ws2def.h(235): error C2011: 'sockaddr': 'struct' type redefinition
  c:\program files (x86)\windows kits\10\include\10.0.14393.0\um\winsock.h(1007): note: see declaration of 'sockaddr'
c:\program files (x86)\windows kits\10\include\10.0.14393.0\shared\ws2def.h(437): error C2059: syntax error: 'constant'
c:\program files (x86)\windows kits\10\include\10.0.14393.0\shared\ws2def.h(437): error C3805: 'constant': unexpected token, expected either '}' or a ','
c:\program files (x86)\windows kits\10\include\10.0.14393.0\shared\ws2def.h(572): warning C4005: 'IN_CLASSA': macro redefinition
  c:\program files (x86)\windows kits\10\include\10.0.14393.0\um\winsock.h(284): note: see previous definition of 'IN_CLASSA'
c:\program files (x86)\windows kits\10\include\10.0.14393.0\shared\ws2def.h(578): warning C4005: 'IN_CLASSB': macro redefinition
  c:\program files (x86)\windows kits\10\include\10.0.14393.0\um\winsock.h(290): note: see previous definition of 'IN_CLASSB'
c:\program files (x86)\windows kits\10\include\10.0.14393.0\shared\ws2def.h(584): warning C4005: 'IN_CLASSC': macro redefinition
  c:\program files (x86)\windows kits\10\include\10.0.14393.0\um\winsock.h(296): note: see previous definition of 'IN_CLASSC'
c:\program files (x86)\windows kits\10\include\10.0.14393.0\shared\ws2def.h(595): warning C4005: 'INADDR_ANY': macro redefinition
  c:\program files (x86)\windows kits\10\include\10.0.14393.0\um\winsock.h(301): note: see previous definition of 'INADDR_ANY'
c:\program files (x86)\windows kits\10\include\10.0.14393.0\shared\ws2def.h(597): warning C4005: 'INADDR_BROADCAST': macro redefinition
  c:\program files (x86)\windows kits\10\include\10.0.14393.0\um\winsock.h(303): note: see previous definition of 'INADDR_BROADCAST'
c:\program files (x86)\windows kits\10\include\10.0.14393.0\shared\ws2def.h(633): error C2011: 'sockaddr_in': 'struct' type redefinition
  c:\program files (x86)\windows kits\10\include\10.0.14393.0\um\winsock.h(1011): note: see declaration of 'sockaddr_in'
c:\program files (x86)\windows kits\10\include\10.0.14393.0\um\winsock2.h(136): error C2011: 'fd_set': 'struct' type redefinition
  c:\program files (x86)\windows kits\10\include\10.0.14393.0\um\winsock.h(1019): note: see declaration of 'fd_set'
c:\program files (x86)\windows kits\10\include\10.0.14393.0\um\winsock2.h(156): warning C4005: 'FD_CLR': macro redefinition
  c:\program files (x86)\windows kits\10\include\10.0.14393.0\um\winsock.h(94): note: see previous definition of 'FD_CLR'
c:\program files (x86)\windows kits\10\include\10.0.14393.0\um\winsock2.h(171): warning C4005: 'FD_SET': macro redefinition
  c:\program files (x86)\windows kits\10\include\10.0.14393.0\um\winsock.h(99): note: see previous definition of 'FD_SET'
c:\program files (x86)\windows kits\10\include\10.0.14393.0\um\winsock2.h(180): error C2011: 'timeval': 'struct' type redefinition
  c:\program files (x86)\windows kits\10\include\10.0.14393.0\um\winsock.h(1035): note: see declaration of 'timeval'
c:\program files (x86)\windows kits\10\include\10.0.14393.0\um\winsock2.h(236): error C2011: 'hostent': 'struct' type redefinition
  c:\program files (x86)\windows kits\10\include\10.0.14393.0\um\winsock.h(1023): note: see declaration of 'hostent'
c:\program files (x86)\windows kits\10\include\10.0.14393.0\um\winsock2.h(249): error C2011: 'netent': 'struct' type redefinition
  c:\program files (x86)\windows kits\10\include\10.0.14393.0\um\winsock.h(177): note: see declaration of 'netent'
c:\program files (x86)\windows kits\10\include\10.0.14393.0\um\winsock2.h(256): error C2011: 'servent': 'struct' type redefinition
  c:\program files (x86)\windows kits\10\include\10.0.14393.0\um\winsock.h(1027): note: see declaration of 'servent'
c:\program files (x86)\windows kits\10\include\10.0.14393.0\um\winsock2.h(268): error C2011: 'protoent': 'struct' type redefinition
  c:\program files (x86)\windows kits\10\include\10.0.14393.0\um\winsock.h(1031): note: see declaration of 'protoent'
c:\program files (x86)\windows kits\10\include\10.0.14393.0\um\winsock2.h(364): error C2011: 'WSAData': 'struct' type redefinition
  c:\program files (x86)\windows kits\10\include\10.0.14393.0\um\winsock.h(319): note: see declaration of 'WSAData'
c:\program files (x86)\windows kits\10\include\10.0.14393.0\um\winsock2.h(462): error C2011: 'sockproto': 'struct' type redefinition
  c:\program files (x86)\windows kits\10\include\10.0.14393.0\um\winsock.h(491): note: see declaration of 'sockproto'
c:\program files (x86)\windows kits\10\include\10.0.14393.0\um\winsock2.h(504): error C2011: 'linger': 'struct' type redefinition
  c:\program files (x86)\windows kits\10\include\10.0.14393.0\um\winsock.h(1015): note: see declaration of 'linger'
c:\program files (x86)\windows kits\10\include\10.0.14393.0\um\winsock2.h(517): warning C4005: 'SOMAXCONN': macro redefinition
  c:\program files (x86)\windows kits\10\include\10.0.14393.0\um\winsock.h(541): note: see previous definition of 'SOMAXCONN'
c:\program files (x86)\windows kits\10\include\10.0.14393.0\um\winsock2.h(551): warning C4005: 'FD_READ': macro redefinition
  c:\program files (x86)\windows kits\10\include\10.0.14393.0\um\winsock.h(559): note: see previous definition of 'FD_READ'
c:\program files (x86)\windows kits\10\include\10.0.14393.0\um\winsock2.h(554): warning C4005: 'FD_WRITE': macro redefinition
  c:\program files (x86)\windows kits\10\include\10.0.14393.0\um\winsock.h(560): note: see previous definition of 'FD_WRITE'
c:\program files (x86)\windows kits\10\include\10.0.14393.0\um\winsock2.h(557): warning C4005: 'FD_OOB': macro redefinition
  c:\program files (x86)\windows kits\10\include\10.0.14393.0\um\winsock.h(561): note: see previous definition of 'FD_OOB'
c:\program files (x86)\windows kits\10\include\10.0.14393.0\um\winsock2.h(560): warning C4005: 'FD_ACCEPT': macro redefinition
  c:\program files (x86)\windows kits\10\include\10.0.14393.0\um\winsock.h(562): note: see previous definition of 'FD_ACCEPT'
c:\program files (x86)\windows kits\10\include\10.0.14393.0\um\winsock2.h(563): warning C4005: 'FD_CONNECT': macro redefinition
  c:\program files (x86)\windows kits\10\include\10.0.14393.0\um\winsock.h(563): note: see previous definition of 'FD_CONNECT'
c:\program files (x86)\windows kits\10\include\10.0.14393.0\um\winsock2.h(566): warning C4005: 'FD_CLOSE': macro redefinition
  c:\program files (x86)\windows kits\10\include\10.0.14393.0\um\winsock.h(564): note: see previous definition of 'FD_CLOSE'
c:\program files (x86)\windows kits\10\include\10.0.14393.0\um\winsock2.h(1624): error C2375: 'accept': redefinition; different linkage
  c:\program files (x86)\windows kits\10\include\10.0.14393.0\um\winsock.h(739): note: see declaration of 'accept'
c:\program files (x86)\windows kits\10\include\10.0.14393.0\um\winsock2.h(1646): error C2375: 'bind': redefinition; different linkage
  c:\program files (x86)\windows kits\10\include\10.0.14393.0\um\winsock.h(744): note: see declaration of 'bind'
c:\program files (x86)\windows kits\10\include\10.0.14393.0\um\winsock2.h(1667): error C2375: 'closesocket': redefinition; different linkage
  c:\program files (x86)\windows kits\10\include\10.0.14393.0\um\winsock.h(749): note: see declaration of 'closesocket'
c:\program files (x86)\windows kits\10\include\10.0.14393.0\um\winsock2.h(1684): error C2375: 'connect': redefinition; different linkage
  c:\program files (x86)\windows kits\10\include\10.0.14393.0\um\winsock.h(751): note: see declaration of 'connect'
c:\program files (x86)\windows kits\10\include\10.0.14393.0\um\winsock2.h(1705): error C2375: 'ioctlsocket': redefinition; different linkage
  c:\program files (x86)\windows kits\10\include\10.0.14393.0\um\winsock.h(756): note: see declaration of 'ioctlsocket'
c:\program files (x86)\windows kits\10\include\10.0.14393.0\um\winsock2.h(1726): error C2375: 'getpeername': redefinition; different linkage
  c:\program files (x86)\windows kits\10\include\10.0.14393.0\um\winsock.h(761): note: see declaration of 'getpeername'
c:\program files (x86)\windows kits\10\include\10.0.14393.0\um\winsock2.h(1747): error C2375: 'getsockname': redefinition; different linkage
  c:\program files (x86)\windows kits\10\include\10.0.14393.0\um\winsock.h(766): note: see declaration of 'getsockname'
c:\program files (x86)\windows kits\10\include\10.0.14393.0\um\winsock2.h(1768): error C2375: 'getsockopt': redefinition; different linkage
  c:\program files (x86)\windows kits\10\include\10.0.14393.0\um\winsock.h(771): note: see declaration of 'getsockopt'
c:\program files (x86)\windows kits\10\include\10.0.14393.0\um\winsock2.h(1793): error C2375: 'htonl': redefinition; different linkage
  c:\program files (x86)\windows kits\10\include\10.0.14393.0\um\winsock.h(778): note: see declaration of 'htonl'
c:\program files (x86)\windows kits\10\include\10.0.14393.0\um\winsock2.h(1810): error C2375: 'htons': redefinition; different linkage
  c:\program files (x86)\windows kits\10\include\10.0.14393.0\um\winsock.h(780): note: see declaration of 'htons'
c:\program files (x86)\windows kits\10\include\10.0.14393.0\um\winsock2.h(1828): error C2375: 'inet_addr': redefinition; different linkage
  c:\program files (x86)\windows kits\10\include\10.0.14393.0\um\winsock.h(782): note: see declaration of 'inet_addr'
c:\program files (x86)\windows kits\10\include\10.0.14393.0\um\winsock2.h(1846): error C2375: 'inet_ntoa': redefinition; different linkage
  c:\program files (x86)\windows kits\10\include\10.0.14393.0\um\winsock.h(784): note: see declaration of 'inet_ntoa'
c:\program files (x86)\windows kits\10\include\10.0.14393.0\um\winsock2.h(1946): error C2375: 'listen': redefinition; different linkage
  c:\program files (x86)\windows kits\10\include\10.0.14393.0\um\winsock.h(786): note: see declaration of 'listen'
c:\program files (x86)\windows kits\10\include\10.0.14393.0\um\winsock2.h(1965): error C2375: 'ntohl': redefinition; different linkage
  c:\program files (x86)\windows kits\10\include\10.0.14393.0\um\winsock.h(790): note: see declaration of 'ntohl'
c:\program files (x86)\windows kits\10\include\10.0.14393.0\um\winsock2.h(1982): error C2375: 'ntohs': redefinition; different linkage
  c:\program files (x86)\windows kits\10\include\10.0.14393.0\um\winsock.h(792): note: see declaration of 'ntohs'
c:\program files (x86)\windows kits\10\include\10.0.14393.0\um\winsock2.h(1999): error C2375: 'recv': redefinition; different linkage
  c:\program files (x86)\windows kits\10\include\10.0.14393.0\um\winsock.h(794): note: see declaration of 'recv'
c:\program files (x86)\windows kits\10\include\10.0.14393.0\um\winsock2.h(2022): error C2375: 'recvfrom': redefinition; different linkage
  c:\program files (x86)\windows kits\10\include\10.0.14393.0\um\winsock.h(800): note: see declaration of 'recvfrom'
c:\program files (x86)\windows kits\10\include\10.0.14393.0\um\winsock2.h(2049): error C2375: 'select': redefinition; different linkage
  c:\program files (x86)\windows kits\10\include\10.0.14393.0\um\winsock.h(808): note: see declaration of 'select'
c:\program files (x86)\windows kits\10\include\10.0.14393.0\um\winsock2.h(2074): error C2375: 'send': redefinition; different linkage
  c:\program files (x86)\windows kits\10\include\10.0.14393.0\um\winsock.h(815): note: see declaration of 'send'
c:\program files (x86)\windows kits\10\include\10.0.14393.0\um\winsock2.h(2097): error C2375: 'sendto': redefinition; different linkage
  c:\program files (x86)\windows kits\10\include\10.0.14393.0\um\winsock.h(821): note: see declaration of 'sendto'
c:\program files (x86)\windows kits\10\include\10.0.14393.0\um\winsock2.h(2124): error C2375: 'setsockopt': redefinition; different linkage
  c:\program files (x86)\windows kits\10\include\10.0.14393.0\um\winsock.h(829): note: see declaration of 'setsockopt'
c:\program files (x86)\windows kits\10\include\10.0.14393.0\um\winsock2.h(2149): error C2375: 'shutdown': redefinition; different linkage
  c:\program files (x86)\windows kits\10\include\10.0.14393.0\um\winsock.h(836): note: see declaration of 'shutdown'
c:\program files (x86)\windows kits\10\include\10.0.14393.0\um\winsock2.h(2169): error C2375: 'socket': redefinition; different linkage
  c:\program files (x86)\windows kits\10\include\10.0.14393.0\um\winsock.h(840): note: see declaration of 'socket'
c:\program files (x86)\windows kits\10\include\10.0.14393.0\um\winsock2.h(2194): error C2375: 'gethostbyaddr': redefinition; different linkage
  c:\program files (x86)\windows kits\10\include\10.0.14393.0\um\winsock.h(847): note: see declaration of 'gethostbyaddr'
c:\program files (x86)\windows kits\10\include\10.0.14393.0\um\winsock2.h(2216): error C2375: 'gethostbyname': redefinition; different linkage
  c:\program files (x86)\windows kits\10\include\10.0.14393.0\um\winsock.h(852): note: see declaration of 'gethostbyname'
c:\program files (x86)\windows kits\10\include\10.0.14393.0\um\winsock2.h(2233): error C2375: 'gethostname': redefinition; different linkage
  c:\program files (x86)\windows kits\10\include\10.0.14393.0\um\winsock.h(854): note: see declaration of 'gethostname'
c:\program files (x86)\windows kits\10\include\10.0.14393.0\um\winsock2.h(2273): error C2375: 'getservbyport': redefinition; different linkage
  c:\program files (x86)\windows kits\10\include\10.0.14393.0\um\winsock.h(858): note: see declaration of 'getservbyport'
c:\program files (x86)\windows kits\10\include\10.0.14393.0\um\winsock2.h(2292): error C2375: 'getservbyname': redefinition; different linkage
  c:\program files (x86)\windows kits\10\include\10.0.14393.0\um\winsock.h(862): note: see declaration of 'getservbyname'
c:\program files (x86)\windows kits\10\include\10.0.14393.0\um\winsock2.h(2311): error C2375: 'getprotobynumber': redefinition; different linkage
  c:\program files (x86)\windows kits\10\include\10.0.14393.0\um\winsock.h(866): note: see declaration of 'getprotobynumber'
c:\program files (x86)\windows kits\10\include\10.0.14393.0\um\winsock2.h(2328): error C2375: 'getprotobyname': redefinition; different linkage
  c:\program files (x86)\windows kits\10\include\10.0.14393.0\um\winsock.h(868): note: see declaration of 'getprotobyname'
c:\program files (x86)\windows kits\10\include\10.0.14393.0\um\winsock2.h(2348): error C2375: 'WSAStartup': redefinition; different linkage
  c:\program files (x86)\windows kits\10\include\10.0.14393.0\um\winsock.h(872): note: see declaration of 'WSAStartup'
c:\program files (x86)\windows kits\10\include\10.0.14393.0\um\winsock2.h(2368): error C2375: 'WSACleanup': redefinition; different linkage
  c:\program files (x86)\windows kits\10\include\10.0.14393.0\um\winsock.h(876): note: see declaration of 'WSACleanup'
c:\program files (x86)\windows kits\10\include\10.0.14393.0\um\winsock2.h(2385): error C2375: 'WSASetLastError': redefinition; different linkage
  c:\program files (x86)\windows kits\10\include\10.0.14393.0\um\winsock.h(878): note: see declaration of 'WSASetLastError'
c:\program files (x86)\windows kits\10\include\10.0.14393.0\um\winsock2.h(2402): error C2375: 'WSAGetLastError': redefinition; different linkage
  c:\program files (x86)\windows kits\10\include\10.0.14393.0\um\winsock.h(880): note: see declaration of 'WSAGetLastError'
c:\program files (x86)\windows kits\10\include\10.0.14393.0\um\winsock2.h(2423): error C2375: 'WSAIsBlocking': redefinition; different linkage
  c:\program files (x86)\windows kits\10\include\10.0.14393.0\um\winsock.h(882): note: see declaration of 'WSAIsBlocking'
c:\program files (x86)\windows kits\10\include\10.0.14393.0\um\winsock2.h(2441): error C2375: 'WSAUnhookBlockingHook': redefinition; different linkage
  c:\program files (x86)\windows kits\10\include\10.0.14393.0\um\winsock.h(884): note: see declaration of 'WSAUnhookBlockingHook'
c:\program files (x86)\windows kits\10\include\10.0.14393.0\um\winsock2.h(2459): error C2375: 'WSASetBlockingHook': redefinition; different linkage
  c:\program files (x86)\windows kits\10\include\10.0.14393.0\um\winsock.h(886): note: see declaration of 'WSASetBlockingHook'
c:\program files (x86)\windows kits\10\include\10.0.14393.0\um\winsock2.h(2477): error C2375: 'WSACancelBlockingCall': redefinition; different linkage
  c:\program files (x86)\windows kits\10\include\10.0.14393.0\um\winsock.h(888): note: see declaration of 'WSACancelBlockingCall'
c:\program files (x86)\windows kits\10\include\10.0.14393.0\um\winsock2.h(2495): error C2375: 'WSAAsyncGetServByName': redefinition; different linkage
  c:\program files (x86)\windows kits\10\include\10.0.14393.0\um\winsock.h(890): note: see declaration of 'WSAAsyncGetServByName'
c:\program files (x86)\windows kits\10\include\10.0.14393.0\um\winsock2.h(2523): error C2375: 'WSAAsyncGetServByPort': redefinition; different linkage
  c:\program files (x86)\windows kits\10\include\10.0.14393.0\um\winsock.h(898): note: see declaration of 'WSAAsyncGetServByPort'
c:\program files (x86)\windows kits\10\include\10.0.14393.0\um\winsock2.h(2551): error C2375: 'WSAAsyncGetProtoByName': redefinition; different linkage
  c:\program files (x86)\windows kits\10\include\10.0.14393.0\um\winsock.h(906): note: see declaration of 'WSAAsyncGetProtoByName'
c:\program files (x86)\windows kits\10\include\10.0.14393.0\um\winsock2.h(2577): error C2375: 'WSAAsyncGetProtoByNumber': redefinition; different linkage
  c:\program files (x86)\windows kits\10\include\10.0.14393.0\um\winsock.h(913): note: see declaration of 'WSAAsyncGetProtoByNumber'
c:\program files (x86)\windows kits\10\include\10.0.14393.0\um\winsock2.h(2603): error C2375: 'WSAAsyncGetHostByName': redefinition; different linkage
  c:\program files (x86)\windows kits\10\include\10.0.14393.0\um\winsock.h(920): note: see declaration of 'WSAAsyncGetHostByName'
c:\program files (x86)\windows kits\10\include\10.0.14393.0\um\winsock2.h(2629): error C2375: 'WSAAsyncGetHostByAddr': redefinition; different linkage
  c:\program files (x86)\windows kits\10\include\10.0.14393.0\um\winsock.h(927): note: see declaration of 'WSAAsyncGetHostByAddr'
c:\program files (x86)\windows kits\10\include\10.0.14393.0\um\winsock2.h(2659): error C2375: 'WSACancelAsyncRequest': redefinition; different linkage
  c:\program files (x86)\windows kits\10\include\10.0.14393.0\um\winsock.h(936): note: see declaration of 'WSACancelAsyncRequest'
c:\program files (x86)\windows kits\10\include\10.0.14393.0\um\winsock2.h(2677): error C2375: 'WSAAsyncSelect': redefinition; different linkage
  c:\program files (x86)\windows kits\10\include\10.0.14393.0\um\winsock.h(938): note: see declaration of 'WSAAsyncSelect'
c:\program files (x86)\windows kits\10\include\10.0.14393.0\shared\ws2ipdef.h(80): error C2079: 'sockaddr_gen::Address' uses undefined struct 'sockaddr'
c:\program files (x86)\windows kits\10\include\10.0.14393.0\shared\ws2ipdef.h(81): error C2079: 'sockaddr_gen::AddressIn' uses undefined struct 'sockaddr_in'
c:\program files (x86)\windows kits\10\include\10.0.14393.0\shared\ws2ipdef.h(124): warning C4005: 'IP_TOS': macro redefinition
  c:\program files (x86)\windows kits\10\include\10.0.14393.0\um\winsock.h(349): note: see previous definition of 'IP_TOS'
c:\program files (x86)\windows kits\10\include\10.0.14393.0\shared\ws2ipdef.h(125): warning C4005: 'IP_TTL': macro redefinition
  c:\program files (x86)\windows kits\10\include\10.0.14393.0\um\winsock.h(348): note: see previous definition of 'IP_TTL'
c:\program files (x86)\windows kits\10\include\10.0.14393.0\shared\ws2ipdef.h(126): warning C4005: 'IP_MULTICAST_IF': macro redefinition
  c:\program files (x86)\windows kits\10\include\10.0.14393.0\um\winsock.h(343): note: see previous definition of 'IP_MULTICAST_IF'
c:\program files (x86)\windows kits\10\include\10.0.14393.0\shared\ws2ipdef.h(127): warning C4005: 'IP_MULTICAST_TTL': macro redefinition
  c:\program files (x86)\windows kits\10\include\10.0.14393.0\um\winsock.h(344): note: see previous definition of 'IP_MULTICAST_TTL'
c:\program files (x86)\windows kits\10\include\10.0.14393.0\shared\ws2ipdef.h(128): warning C4005: 'IP_MULTICAST_LOOP': macro redefinition
  c:\program files (x86)\windows kits\10\include\10.0.14393.0\um\winsock.h(345): note: see previous definition of 'IP_MULTICAST_LOOP'
c:\program files (x86)\windows kits\10\include\10.0.14393.0\shared\ws2ipdef.h(129): warning C4005: 'IP_ADD_MEMBERSHIP': macro redefinition
  c:\program files (x86)\windows kits\10\include\10.0.14393.0\um\winsock.h(346): note: see previous definition of 'IP_ADD_MEMBERSHIP'
c:\program files (x86)\windows kits\10\include\10.0.14393.0\shared\ws2ipdef.h(130): warning C4005: 'IP_DROP_MEMBERSHIP': macro redefinition
  c:\program files (x86)\windows kits\10\include\10.0.14393.0\um\winsock.h(347): note: see previous definition of 'IP_DROP_MEMBERSHIP'
c:\program files (x86)\windows kits\10\include\10.0.14393.0\shared\ws2ipdef.h(131): warning C4005: 'IP_DONTFRAGMENT': macro redefinition
  c:\program files (x86)\windows kits\10\include\10.0.14393.0\um\winsock.h(350): note: see previous definition of 'IP_DONTFRAGMENT'
c:\program files (x86)\windows kits\10\include\10.0.14393.0\shared\ws2ipdef.h(205): error C2079: '_SOCKADDR_INET::Ipv4' uses undefined struct 'sockaddr_in'
c:\program files (x86)\windows kits\10\include\10.0.14393.0\shared\ws2ipdef.h(721): error C2011: 'ip_mreq': 'struct' type redefinition
  c:\program files (x86)\windows kits\10\include\10.0.14393.0\um\winsock.h(360): note: see declaration of 'ip_mreq'
c:\users\camer\git\scrabbleplusplus\scrabble\scrabble\game.h(48): warning C4290: C++ exception specification ignored except to indicate a function is not __declspec(nothrow)
c:\users\camer\git\scrabbleplusplus\scrabble\scrabble\game.h(49): warning C4290: C++ exception specification ignored except to indicate a function is not __declspec(nothrow)
c:\users\camer\git\scrabbleplusplus\scrabble\scrabble\game.h(50): warning C4290: C++ exception specification ignored except to indicate a function is not __declspec(nothrow)
  Generating Code...
  Compiling...
  main.cpp
c:\program files (x86)\windows kits\10\include\10.0.14393.0\shared\ws2def.h(103): warning C4005: 'AF_IPX': macro redefinition
  c:\program files (x86)\windows kits\10\include\10.0.14393.0\um\winsock.h(457): note: see previous definition of 'AF_IPX'
c:\program files (x86)\windows kits\10\include\10.0.14393.0\shared\ws2def.h(147): warning C4005: 'AF_MAX': macro redefinition
  c:\program files (x86)\windows kits\10\include\10.0.14393.0\um\winsock.h(476): note: see previous definition of 'AF_MAX'
c:\program files (x86)\windows kits\10\include\10.0.14393.0\shared\ws2def.h(185): warning C4005: 'SO_DONTLINGER': macro redefinition
  c:\program files (x86)\windows kits\10\include\10.0.14393.0\um\winsock.h(399): note: see previous definition of 'SO_DONTLINGER'
c:\program files (x86)\windows kits\10\include\10.0.14393.0\shared\ws2def.h(235): error C2011: 'sockaddr': 'struct' type redefinition
  c:\program files (x86)\windows kits\10\include\10.0.14393.0\um\winsock.h(1007): note: see declaration of 'sockaddr'
c:\program files (x86)\windows kits\10\include\10.0.14393.0\shared\ws2def.h(437): error C2059: syntax error: 'constant'
c:\program files (x86)\windows kits\10\include\10.0.14393.0\shared\ws2def.h(437): error C3805: 'constant': unexpected token, expected either '}' or a ','
c:\program files (x86)\windows kits\10\include\10.0.14393.0\shared\ws2def.h(572): warning C4005: 'IN_CLASSA': macro redefinition
  c:\program files (x86)\windows kits\10\include\10.0.14393.0\um\winsock.h(284): note: see previous definition of 'IN_CLASSA'
c:\program files (x86)\windows kits\10\include\10.0.14393.0\shared\ws2def.h(578): warning C4005: 'IN_CLASSB': macro redefinition
  c:\program files (x86)\windows kits\10\include\10.0.14393.0\um\winsock.h(290): note: see previous definition of 'IN_CLASSB'
c:\program files (x86)\windows kits\10\include\10.0.14393.0\shared\ws2def.h(584): warning C4005: 'IN_CLASSC': macro redefinition
  c:\program files (x86)\windows kits\10\include\10.0.14393.0\um\winsock.h(296): note: see previous definition of 'IN_CLASSC'
c:\program files (x86)\windows kits\10\include\10.0.14393.0\shared\ws2def.h(595): warning C4005: 'INADDR_ANY': macro redefinition
  c:\program files (x86)\windows kits\10\include\10.0.14393.0\um\winsock.h(301): note: see previous definition of 'INADDR_ANY'
c:\program files (x86)\windows kits\10\include\10.0.14393.0\shared\ws2def.h(597): warning C4005: 'INADDR_BROADCAST': macro redefinition
  c:\program files (x86)\windows kits\10\include\10.0.14393.0\um\winsock.h(303): note: see previous definition of 'INADDR_BROADCAST'
c:\program files (x86)\windows kits\10\include\10.0.14393.0\shared\ws2def.h(633): error C2011: 'sockaddr_in': 'struct' type redefinition
  c:\program files (x86)\windows kits\10\include\10.0.14393.0\um\winsock.h(1011): note: see declaration of 'sockaddr_in'
c:\program files (x86)\windows kits\10\include\10.0.14393.0\um\winsock2.h(136): error C2011: 'fd_set': 'struct' type redefinition
  c:\program files (x86)\windows kits\10\include\10.0.14393.0\um\winsock.h(1019): note: see declaration of 'fd_set'
c:\program files (x86)\windows kits\10\include\10.0.14393.0\um\winsock2.h(156): warning C4005: 'FD_CLR': macro redefinition
  c:\program files (x86)\windows kits\10\include\10.0.14393.0\um\winsock.h(94): note: see previous definition of 'FD_CLR'
c:\program files (x86)\windows kits\10\include\10.0.14393.0\um\winsock2.h(171): warning C4005: 'FD_SET': macro redefinition
  c:\program files (x86)\windows kits\10\include\10.0.14393.0\um\winsock.h(99): note: see previous definition of 'FD_SET'
c:\program files (x86)\windows kits\10\include\10.0.14393.0\um\winsock2.h(180): error C2011: 'timeval': 'struct' type redefinition
  c:\program files (x86)\windows kits\10\include\10.0.14393.0\um\winsock.h(1035): note: see declaration of 'timeval'
c:\program files (x86)\windows kits\10\include\10.0.14393.0\um\winsock2.h(236): error C2011: 'hostent': 'struct' type redefinition
  c:\program files (x86)\windows kits\10\include\10.0.14393.0\um\winsock.h(1023): note: see declaration of 'hostent'
c:\program files (x86)\windows kits\10\include\10.0.14393.0\um\winsock2.h(249): error C2011: 'netent': 'struct' type redefinition
  c:\program files (x86)\windows kits\10\include\10.0.14393.0\um\winsock.h(177): note: see declaration of 'netent'
c:\program files (x86)\windows kits\10\include\10.0.14393.0\um\winsock2.h(256): error C2011: 'servent': 'struct' type redefinition
  c:\program files (x86)\windows kits\10\include\10.0.14393.0\um\winsock.h(1027): note: see declaration of 'servent'
c:\program files (x86)\windows kits\10\include\10.0.14393.0\um\winsock2.h(268): error C2011: 'protoent': 'struct' type redefinition
  c:\program files (x86)\windows kits\10\include\10.0.14393.0\um\winsock.h(1031): note: see declaration of 'protoent'
c:\program files (x86)\windows kits\10\include\10.0.14393.0\um\winsock2.h(364): error C2011: 'WSAData': 'struct' type redefinition
  c:\program files (x86)\windows kits\10\include\10.0.14393.0\um\winsock.h(319): note: see declaration of 'WSAData'
c:\program files (x86)\windows kits\10\include\10.0.14393.0\um\winsock2.h(462): error C2011: 'sockproto': 'struct' type redefinition
  c:\program files (x86)\windows kits\10\include\10.0.14393.0\um\winsock.h(491): note: see declaration of 'sockproto'
c:\program files (x86)\windows kits\10\include\10.0.14393.0\um\winsock2.h(504): error C2011: 'linger': 'struct' type redefinition
  c:\program files (x86)\windows kits\10\include\10.0.14393.0\um\winsock.h(1015): note: see declaration of 'linger'
c:\program files (x86)\windows kits\10\include\10.0.14393.0\um\winsock2.h(517): warning C4005: 'SOMAXCONN': macro redefinition
  c:\program files (x86)\windows kits\10\include\10.0.14393.0\um\winsock.h(541): note: see previous definition of 'SOMAXCONN'
c:\program files (x86)\windows kits\10\include\10.0.14393.0\um\winsock2.h(551): warning C4005: 'FD_READ': macro redefinition
  c:\program files (x86)\windows kits\10\include\10.0.14393.0\um\winsock.h(559): note: see previous definition of 'FD_READ'
c:\program files (x86)\windows kits\10\include\10.0.14393.0\um\winsock2.h(554): warning C4005: 'FD_WRITE': macro redefinition
  c:\program files (x86)\windows kits\10\include\10.0.14393.0\um\winsock.h(560): note: see previous definition of 'FD_WRITE'
c:\program files (x86)\windows kits\10\include\10.0.14393.0\um\winsock2.h(557): warning C4005: 'FD_OOB': macro redefinition
  c:\program files (x86)\windows kits\10\include\10.0.14393.0\um\winsock.h(561): note: see previous definition of 'FD_OOB'
c:\program files (x86)\windows kits\10\include\10.0.14393.0\um\winsock2.h(560): warning C4005: 'FD_ACCEPT': macro redefinition
  c:\program files (x86)\windows kits\10\include\10.0.14393.0\um\winsock.h(562): note: see previous definition of 'FD_ACCEPT'
c:\program files (x86)\windows kits\10\include\10.0.14393.0\um\winsock2.h(563): warning C4005: 'FD_CONNECT': macro redefinition
  c:\program files (x86)\windows kits\10\include\10.0.14393.0\um\winsock.h(563): note: see previous definition of 'FD_CONNECT'
c:\program files (x86)\windows kits\10\include\10.0.14393.0\um\winsock2.h(566): warning C4005: 'FD_CLOSE': macro redefinition
  c:\program files (x86)\windows kits\10\include\10.0.14393.0\um\winsock.h(564): note: see previous definition of 'FD_CLOSE'
c:\program files (x86)\windows kits\10\include\10.0.14393.0\um\winsock2.h(1624): error C2375: 'accept': redefinition; different linkage
  c:\program files (x86)\windows kits\10\include\10.0.14393.0\um\winsock.h(739): note: see declaration of 'accept'
c:\program files (x86)\windows kits\10\include\10.0.14393.0\um\winsock2.h(1646): error C2375: 'bind': redefinition; different linkage
  c:\program files (x86)\windows kits\10\include\10.0.14393.0\um\winsock.h(744): note: see declaration of 'bind'
c:\program files (x86)\windows kits\10\include\10.0.14393.0\um\winsock2.h(1667): error C2375: 'closesocket': redefinition; different linkage
  c:\program files (x86)\windows kits\10\include\10.0.14393.0\um\winsock.h(749): note: see declaration of 'closesocket'
c:\program files (x86)\windows kits\10\include\10.0.14393.0\um\winsock2.h(1684): error C2375: 'connect': redefinition; different linkage
  c:\program files (x86)\windows kits\10\include\10.0.14393.0\um\winsock.h(751): note: see declaration of 'connect'
c:\program files (x86)\windows kits\10\include\10.0.14393.0\um\winsock2.h(1705): error C2375: 'ioctlsocket': redefinition; different linkage
  c:\program files (x86)\windows kits\10\include\10.0.14393.0\um\winsock.h(756): note: see declaration of 'ioctlsocket'
c:\program files (x86)\windows kits\10\include\10.0.14393.0\um\winsock2.h(1726): error C2375: 'getpeername': redefinition; different linkage
  c:\program files (x86)\windows kits\10\include\10.0.14393.0\um\winsock.h(761): note: see declaration of 'getpeername'
c:\program files (x86)\windows kits\10\include\10.0.14393.0\um\winsock2.h(1747): error C2375: 'getsockname': redefinition; different linkage
  c:\program files (x86)\windows kits\10\include\10.0.14393.0\um\winsock.h(766): note: see declaration of 'getsockname'
c:\program files (x86)\windows kits\10\include\10.0.14393.0\um\winsock2.h(1768): error C2375: 'getsockopt': redefinition; different linkage
  c:\program files (x86)\windows kits\10\include\10.0.14393.0\um\winsock.h(771): note: see declaration of 'getsockopt'
c:\program files (x86)\windows kits\10\include\10.0.14393.0\um\winsock2.h(1793): error C2375: 'htonl': redefinition; different linkage
  c:\program files (x86)\windows kits\10\include\10.0.14393.0\um\winsock.h(778): note: see declaration of 'htonl'
c:\program files (x86)\windows kits\10\include\10.0.14393.0\um\winsock2.h(1810): error C2375: 'htons': redefinition; different linkage
  c:\program files (x86)\windows kits\10\include\10.0.14393.0\um\winsock.h(780): note: see declaration of 'htons'
c:\program files (x86)\windows kits\10\include\10.0.14393.0\um\winsock2.h(1828): error C2375: 'inet_addr': redefinition; different linkage
  c:\program files (x86)\windows kits\10\include\10.0.14393.0\um\winsock.h(782): note: see declaration of 'inet_addr'
c:\program files (x86)\windows kits\10\include\10.0.14393.0\um\winsock2.h(1846): error C2375: 'inet_ntoa': redefinition; different linkage
  c:\program files (x86)\windows kits\10\include\10.0.14393.0\um\winsock.h(784): note: see declaration of 'inet_ntoa'
c:\program files (x86)\windows kits\10\include\10.0.14393.0\um\winsock2.h(1946): error C2375: 'listen': redefinition; different linkage
  c:\program files (x86)\windows kits\10\include\10.0.14393.0\um\winsock.h(786): note: see declaration of 'listen'
c:\program files (x86)\windows kits\10\include\10.0.14393.0\um\winsock2.h(1965): error C2375: 'ntohl': redefinition; different linkage
  c:\program files (x86)\windows kits\10\include\10.0.14393.0\um\winsock.h(790): note: see declaration of 'ntohl'
c:\program files (x86)\windows kits\10\include\10.0.14393.0\um\winsock2.h(1982): error C2375: 'ntohs': redefinition; different linkage
  c:\program files (x86)\windows kits\10\include\10.0.14393.0\um\winsock.h(792): note: see declaration of 'ntohs'
c:\program files (x86)\windows kits\10\include\10.0.14393.0\um\winsock2.h(1999): error C2375: 'recv': redefinition; different linkage
  c:\program files (x86)\windows kits\10\include\10.0.14393.0\um\winsock.h(794): note: see declaration of 'recv'
c:\program files (x86)\windows kits\10\include\10.0.14393.0\um\winsock2.h(2022): error C2375: 'recvfrom': redefinition; different linkage
  c:\program files (x86)\windows kits\10\include\10.0.14393.0\um\winsock.h(800): note: see declaration of 'recvfrom'
c:\program files (x86)\windows kits\10\include\10.0.14393.0\um\winsock2.h(2049): error C2375: 'select': redefinition; different linkage
  c:\program files (x86)\windows kits\10\include\10.0.14393.0\um\winsock.h(808): note: see declaration of 'select'
c:\program files (x86)\windows kits\10\include\10.0.14393.0\um\winsock2.h(2074): error C2375: 'send': redefinition; different linkage
  c:\program files (x86)\windows kits\10\include\10.0.14393.0\um\winsock.h(815): note: see declaration of 'send'
c:\program files (x86)\windows kits\10\include\10.0.14393.0\um\winsock2.h(2097): error C2375: 'sendto': redefinition; different linkage
  c:\program files (x86)\windows kits\10\include\10.0.14393.0\um\winsock.h(821): note: see declaration of 'sendto'
c:\program files (x86)\windows kits\10\include\10.0.14393.0\um\winsock2.h(2124): error C2375: 'setsockopt': redefinition; different linkage
  c:\program files (x86)\windows kits\10\include\10.0.14393.0\um\winsock.h(829): note: see declaration of 'setsockopt'
c:\program files (x86)\windows kits\10\include\10.0.14393.0\um\winsock2.h(2149): error C2375: 'shutdown': redefinition; different linkage
  c:\program files (x86)\windows kits\10\include\10.0.14393.0\um\winsock.h(836): note: see declaration of 'shutdown'
c:\program files (x86)\windows kits\10\include\10.0.14393.0\um\winsock2.h(2169): error C2375: 'socket': redefinition; different linkage
  c:\program files (x86)\windows kits\10\include\10.0.14393.0\um\winsock.h(840): note: see declaration of 'socket'
c:\program files (x86)\windows kits\10\include\10.0.14393.0\um\winsock2.h(2194): error C2375: 'gethostbyaddr': redefinition; different linkage
  c:\program files (x86)\windows kits\10\include\10.0.14393.0\um\winsock.h(847): note: see declaration of 'gethostbyaddr'
c:\program files (x86)\windows kits\10\include\10.0.14393.0\um\winsock2.h(2216): error C2375: 'gethostbyname': redefinition; different linkage
  c:\program files (x86)\windows kits\10\include\10.0.14393.0\um\winsock.h(852): note: see declaration of 'gethostbyname'
c:\program files (x86)\windows kits\10\include\10.0.14393.0\um\winsock2.h(2233): error C2375: 'gethostname': redefinition; different linkage
  c:\program files (x86)\windows kits\10\include\10.0.14393.0\um\winsock.h(854): note: see declaration of 'gethostname'
c:\program files (x86)\windows kits\10\include\10.0.14393.0\um\winsock2.h(2273): error C2375: 'getservbyport': redefinition; different linkage
  c:\program files (x86)\windows kits\10\include\10.0.14393.0\um\winsock.h(858): note: see declaration of 'getservbyport'
c:\program files (x86)\windows kits\10\include\10.0.14393.0\um\winsock2.h(2292): error C2375: 'getservbyname': redefinition; different linkage
  c:\program files (x86)\windows kits\10\include\10.0.14393.0\um\winsock.h(862): note: see declaration of 'getservbyname'
c:\program files (x86)\windows kits\10\include\10.0.14393.0\um\winsock2.h(2311): error C2375: 'getprotobynumber': redefinition; different linkage
  c:\program files (x86)\windows kits\10\include\10.0.14393.0\um\winsock.h(866): note: see declaration of 'getprotobynumber'
c:\program files (x86)\windows kits\10\include\10.0.14393.0\um\winsock2.h(2328): error C2375: 'getprotobyname': redefinition; different linkage
  c:\program files (x86)\windows kits\10\include\10.0.14393.0\um\winsock.h(868): note: see declaration of 'getprotobyname'
c:\program files (x86)\windows kits\10\include\10.0.14393.0\um\winsock2.h(2348): error C2375: 'WSAStartup': redefinition; different linkage
  c:\program files (x86)\windows kits\10\include\10.0.14393.0\um\winsock.h(872): note: see declaration of 'WSAStartup'
c:\program files (x86)\windows kits\10\include\10.0.14393.0\um\winsock2.h(2368): error C2375: 'WSACleanup': redefinition; different linkage
  c:\program files (x86)\windows kits\10\include\10.0.14393.0\um\winsock.h(876): note: see declaration of 'WSACleanup'
c:\program files (x86)\windows kits\10\include\10.0.14393.0\um\winsock2.h(2385): error C2375: 'WSASetLastError': redefinition; different linkage
  c:\program files (x86)\windows kits\10\include\10.0.14393.0\um\winsock.h(878): note: see declaration of 'WSASetLastError'
c:\program files (x86)\windows kits\10\include\10.0.14393.0\um\winsock2.h(2402): error C2375: 'WSAGetLastError': redefinition; different linkage
  c:\program files (x86)\windows kits\10\include\10.0.14393.0\um\winsock.h(880): note: see declaration of 'WSAGetLastError'
c:\program files (x86)\windows kits\10\include\10.0.14393.0\um\winsock2.h(2423): error C2375: 'WSAIsBlocking': redefinition; different linkage
  c:\program files (x86)\windows kits\10\include\10.0.14393.0\um\winsock.h(882): note: see declaration of 'WSAIsBlocking'
c:\program files (x86)\windows kits\10\include\10.0.14393.0\um\winsock2.h(2441): error C2375: 'WSAUnhookBlockingHook': redefinition; different linkage
  c:\program files (x86)\windows kits\10\include\10.0.14393.0\um\winsock.h(884): note: see declaration of 'WSAUnhookBlockingHook'
c:\program files (x86)\windows kits\10\include\10.0.14393.0\um\winsock2.h(2459): error C2375: 'WSASetBlockingHook': redefinition; different linkage
  c:\program files (x86)\windows kits\10\include\10.0.14393.0\um\winsock.h(886): note: see declaration of 'WSASetBlockingHook'
c:\program files (x86)\windows kits\10\include\10.0.14393.0\um\winsock2.h(2477): error C2375: 'WSACancelBlockingCall': redefinition; different linkage
  c:\program files (x86)\windows kits\10\include\10.0.14393.0\um\winsock.h(888): note: see declaration of 'WSACancelBlockingCall'
c:\program files (x86)\windows kits\10\include\10.0.14393.0\um\winsock2.h(2495): error C2375: 'WSAAsyncGetServByName': redefinition; different linkage
  c:\program files (x86)\windows kits\10\include\10.0.14393.0\um\winsock.h(890): note: see declaration of 'WSAAsyncGetServByName'
c:\program files (x86)\windows kits\10\include\10.0.14393.0\um\winsock2.h(2523): error C2375: 'WSAAsyncGetServByPort': redefinition; different linkage
  c:\program files (x86)\windows kits\10\include\10.0.14393.0\um\winsock.h(898): note: see declaration of 'WSAAsyncGetServByPort'
c:\program files (x86)\windows kits\10\include\10.0.14393.0\um\winsock2.h(2551): error C2375: 'WSAAsyncGetProtoByName': redefinition; different linkage
  c:\program files (x86)\windows kits\10\include\10.0.14393.0\um\winsock.h(906): note: see declaration of 'WSAAsyncGetProtoByName'
c:\program files (x86)\windows kits\10\include\10.0.14393.0\um\winsock2.h(2577): error C2375: 'WSAAsyncGetProtoByNumber': redefinition; different linkage
  c:\program files (x86)\windows kits\10\include\10.0.14393.0\um\winsock.h(913): note: see declaration of 'WSAAsyncGetProtoByNumber'
c:\program files (x86)\windows kits\10\include\10.0.14393.0\um\winsock2.h(2603): error C2375: 'WSAAsyncGetHostByName': redefinition; different linkage
  c:\program files (x86)\windows kits\10\include\10.0.14393.0\um\winsock.h(920): note: see declaration of 'WSAAsyncGetHostByName'
c:\program files (x86)\windows kits\10\include\10.0.14393.0\um\winsock2.h(2629): error C2375: 'WSAAsyncGetHostByAddr': redefinition; different linkage
  c:\program files (x86)\windows kits\10\include\10.0.14393.0\um\winsock.h(927): note: see declaration of 'WSAAsyncGetHostByAddr'
c:\program files (x86)\windows kits\10\include\10.0.14393.0\um\winsock2.h(2659): error C2375: 'WSACancelAsyncRequest': redefinition; different linkage
  c:\program files (x86)\windows kits\10\include\10.0.14393.0\um\winsock.h(936): note: see declaration of 'WSACancelAsyncRequest'
c:\program files (x86)\windows kits\10\include\10.0.14393.0\um\winsock2.h(2677): error C2375: 'WSAAsyncSelect': redefinition; different linkage
  c:\program files (x86)\windows kits\10\include\10.0.14393.0\um\winsock.h(938): note: see declaration of 'WSAAsyncSelect'
c:\program files (x86)\windows kits\10\include\10.0.14393.0\shared\ws2ipdef.h(80): error C2079: 'sockaddr_gen::Address' uses undefined struct 'sockaddr'
c:\program files (x86)\windows kits\10\include\10.0.14393.0\shared\ws2ipdef.h(81): error C2079: 'sockaddr_gen::AddressIn' uses undefined struct 'sockaddr_in'
c:\program files (x86)\windows kits\10\include\10.0.14393.0\shared\ws2ipdef.h(124): warning C4005: 'IP_TOS': macro redefinition
  c:\program files (x86)\windows kits\10\include\10.0.14393.0\um\winsock.h(349): note: see previous definition of 'IP_TOS'
c:\program files (x86)\windows kits\10\include\10.0.14393.0\shared\ws2ipdef.h(125): warning C4005: 'IP_TTL': macro redefinition
  c:\program files (x86)\windows kits\10\include\10.0.14393.0\um\winsock.h(348): note: see previous definition of 'IP_TTL'
c:\program files (x86)\windows kits\10\include\10.0.14393.0\shared\ws2ipdef.h(126): warning C4005: 'IP_MULTICAST_IF': macro redefinition
  c:\program files (x86)\windows kits\10\include\10.0.14393.0\um\winsock.h(343): note: see previous definition of 'IP_MULTICAST_IF'
c:\program files (x86)\windows kits\10\include\10.0.14393.0\shared\ws2ipdef.h(127): warning C4005: 'IP_MULTICAST_TTL': macro redefinition
  c:\program files (x86)\windows kits\10\include\10.0.14393.0\um\winsock.h(344): note: see previous definition of 'IP_MULTICAST_TTL'
c:\program files (x86)\windows kits\10\include\10.0.14393.0\shared\ws2ipdef.h(128): warning C4005: 'IP_MULTICAST_LOOP': macro redefinition
  c:\program files (x86)\windows kits\10\include\10.0.14393.0\um\winsock.h(345): note: see previous definition of 'IP_MULTICAST_LOOP'
c:\program files (x86)\windows kits\10\include\10.0.14393.0\shared\ws2ipdef.h(129): warning C4005: 'IP_ADD_MEMBERSHIP': macro redefinition
  c:\program files (x86)\windows kits\10\include\10.0.14393.0\um\winsock.h(346): note: see previous definition of 'IP_ADD_MEMBERSHIP'
c:\program files (x86)\windows kits\10\include\10.0.14393.0\shared\ws2ipdef.h(130): warning C4005: 'IP_DROP_MEMBERSHIP': macro redefinition
  c:\program files (x86)\windows kits\10\include\10.0.14393.0\um\winsock.h(347): note: see previous definition of 'IP_DROP_MEMBERSHIP'
c:\program files (x86)\windows kits\10\include\10.0.14393.0\shared\ws2ipdef.h(131): warning C4005: 'IP_DONTFRAGMENT': macro redefinition
  c:\program files (x86)\windows kits\10\include\10.0.14393.0\um\winsock.h(350): note: see previous definition of 'IP_DONTFRAGMENT'
c:\program files (x86)\windows kits\10\include\10.0.14393.0\shared\ws2ipdef.h(205): error C2079: '_SOCKADDR_INET::Ipv4' uses undefined struct 'sockaddr_in'
c:\program files (x86)\windows kits\10\include\10.0.14393.0\shared\ws2ipdef.h(721): error C2011: 'ip_mreq': 'struct' type redefinition
  c:\program files (x86)\windows kits\10\include\10.0.14393.0\um\winsock.h(360): note: see declaration of 'ip_mreq'
c:\users\camer\git\scrabbleplusplus\scrabble\scrabble\game.h(48): warning C4290: C++ exception specification ignored except to indicate a function is not __declspec(nothrow)
c:\users\camer\git\scrabbleplusplus\scrabble\scrabble\game.h(49): warning C4290: C++ exception specification ignored except to indicate a function is not __declspec(nothrow)
c:\users\camer\git\scrabbleplusplus\scrabble\scrabble\game.h(50): warning C4290: C++ exception specification ignored except to indicate a function is not __declspec(nothrow)
  Generating Code...
  Skipping... (no relevant changes detected)
  Board.cpp
